<?xml version="1.0" encoding="UTF-8"?>
<testsuite name="aplication.programming.nttdata.controller.ClientControllerTest" tests="4" skipped="0" failures="0" errors="0" timestamp="2022-07-10T21:51:30" hostname="DESKTOP-92IF89P" time="0.016">
  <properties/>
  <testcase name="create()" classname="aplication.programming.nttdata.controller.ClientControllerTest" time="0.012"/>
  <testcase name="delete()" classname="aplication.programming.nttdata.controller.ClientControllerTest" time="0.0"/>
  <testcase name="allClient()" classname="aplication.programming.nttdata.controller.ClientControllerTest" time="0.001"/>
  <testcase name="update()" classname="aplication.programming.nttdata.controller.ClientControllerTest" time="0.001"/>
  <system-out><![CDATA[]]></system-out>
  <system-err><![CDATA[]]></system-err>
</testsuite>
